<?xml version="1.0" encoding="UTF-8"?>
<!-- Generated by org.testng.reporters.JUnitReportReporter -->
<testsuite skipped="0" hostname="DESKTOP-EM6K5D9" name="com.test.project.ChallengingDOM" tests="1" failures="0" timestamp="2020-01-12T23:18:35 GMT" time="12.318" errors="0">
  <testcase name="displayAnswer" time="12.318" classname="com.test.project.ChallengingDOM"/>
</testsuite> <!-- com.test.project.ChallengingDOM -->
