<?xml version="1.0" encoding="UTF-8"?>
<!-- Generated by org.testng.reporters.JUnitReportReporter -->
<testsuite skipped="0" hostname="DESKTOP-EM6K5D9" name="com.test.project.InvocationCount" tests="10" failures="0" timestamp="2019-11-25T21:51:12 GMT" time="0.157" errors="0">
  <testcase name="Sum" time="0.005" classname="com.test.project.InvocationCount"/>
  <testcase name="Sum" time="0.012" classname="com.test.project.InvocationCount"/>
  <testcase name="Sum" time="0.007" classname="com.test.project.InvocationCount"/>
  <testcase name="Sum" time="0.014" classname="com.test.project.InvocationCount"/>
  <testcase name="Sum" time="0.014" classname="com.test.project.InvocationCount"/>
  <testcase name="Sum" time="0.026" classname="com.test.project.InvocationCount"/>
  <testcase name="Sum" time="0.042" classname="com.test.project.InvocationCount"/>
  <testcase name="Sum" time="0.004" classname="com.test.project.InvocationCount"/>
  <testcase name="Sum" time="0.025" classname="com.test.project.InvocationCount"/>
  <testcase name="Sum" time="0.008" classname="com.test.project.InvocationCount"/>
</testsuite> <!-- com.test.project.InvocationCount -->
