<?xml version="1.0" encoding="UTF-8"?>
<!-- Generated by org.testng.reporters.JUnitReportReporter -->
<testsuite skipped="0" hostname="DESKTOP-EM6K5D9" name="com.test.project.SearchGoogleTest" tests="6" failures="0" timestamp="2019-11-25T21:51:12 GMT" time="68.895" errors="0">
  <testcase name="checkMailLink" time="11.434" classname="com.test.project.SearchGoogleTest"/>
  <testcase name="getTitle" time="11.620" classname="com.test.project.SearchGoogleTest"/>
  <testcase name="logoTest" time="11.184" classname="com.test.project.SearchGoogleTest"/>
  <testcase name="dummyMethod1" time="11.167" classname="com.test.project.SearchGoogleTest"/>
  <testcase name="dummyMethod2" time="11.796" classname="com.test.project.SearchGoogleTest"/>
  <testcase name="dummyMethod3" time="11.694" classname="com.test.project.SearchGoogleTest"/>
</testsuite> <!-- com.test.project.SearchGoogleTest -->
