<?xml version="1.0" encoding="UTF-8"?>
<!-- Generated by org.testng.reporters.JUnitReportReporter -->
<testsuite skipped="0" hostname="DESKTOP-EM6K5D9" name="com.test.project.FirstTestNG" tests="2" failures="0" timestamp="2020-01-06T21:02:40 GMT" time="0.007" errors="0">
  <testcase name="getTitle" time="0.005" classname="com.test.project.FirstTestNG"/>
  <testcase name="testSearch" time="0.002" classname="com.test.project.FirstTestNG"/>
</testsuite> <!-- com.test.project.FirstTestNG -->
